
Started Import Process
# System Details: 
Debug Mode 		: Disabled
Operating System 	: Linux
Software 		: Apache
MySQL version 		: 8.0.43
XML Reader 		: Yes
PHP Version 		: 8.3.27
PHP Max Input Vars 	: 1000
PHP Max Post Size 	: 516M
PHP Extension GD 	: Yes
PHP Max Execution Time 	: 60
Max Upload Size 	: 512 MB
Memory Limit 		: 768M
Timezone 		: 0

-----

Importing Started! - 19:28:47 UTC
---

WHY IMPORT PROCESS CAN FAIL? READ THIS - 
https://wpastra.com/docs/?p=1314&utm_source=demo-import-panel&utm_campaign=import-error&utm_medium=wp-dashboard

---

Batch Process Started..
Starter Templates - Importing Images for Blog name 'clipo ' (1)
---- Processing Images from Widgets -----
---- Processing Contact Form Mapping from Text Widgets -----
---- Processing Contact Form Mapping from WP Forms Widgets -----
---- Processing batch process for Customizer start ----
---- Processing batch process for Customizer done ----